app/build/outputs/logs/manifest-merger-debug-report.txt
-- Merging decision tree log ---
manifest
ADDED from src/main/AndroidManifest.xml:1:1-150:12
	package
		ADDED from src/main/AndroidManifest.xml:2:5-28
		INJECTED from src/main/AndroidManifest.xml
		INJECTED from src/main/AndroidManifest.xml
	android:versionName
		ADDED from src/main/AndroidManifest.xml:4:5-30
		INJECTED from src/main/AndroidManifest.xml
		INJECTED from src/main/AndroidManifest.xml
	android:versionCode
		ADDED from src/main/AndroidManifest.xml:3:5-28
		INJECTED from src/main/AndroidManifest.xml
		INJECTED from src/main/AndroidManifest.xml
	xmlns:android
		ADDED from src/main/AndroidManifest.xml:1:11-69
uses-sdk
ADDED from src/main/AndroidManifest.xml:6:5-8:41
	android:targetSdkVersion
		ADDED from src/main/AndroidManifest.xml:8:9-38
		INJECTED from src/main/AndroidManifest.xml
		INJECTED from src/main/AndroidManifest.xml
	android:minSdkVersion
		ADDED from src/main/AndroidManifest.xml:7:9-34
		INJECTED from src/main/AndroidManifest.xml
		INJECTED from src/main/AndroidManifest.xml
uses-permission#android.permission.RECEIVE_USER_PRESENT
ADDED from src/main/AndroidManifest.xml:10:5-79
	android:name
		ADDED from src/main/AndroidManifest.xml:10:22-76
uses-permission#android.permission.WAKE_LOCK
ADDED from src/main/AndroidManifest.xml:11:5-68
	android:name
		ADDED from src/main/AndroidManifest.xml:11:22-65
uses-permission#android.permission.WRITE_EXTERNAL_STORAGE
ADDED from src/main/AndroidManifest.xml:12:5-81
	android:name
		ADDED from src/main/AndroidManifest.xml:12:22-78
uses-permission#android.permission.READ_EXTERNAL_STORAGE
ADDED from src/main/AndroidManifest.xml:13:5-80
	android:name
		ADDED from src/main/AndroidManifest.xml:13:22-77
uses-permission#android.permission.VIBRATE
ADDED from src/main/AndroidManifest.xml:14:5-66
	android:name
		ADDED from src/main/AndroidManifest.xml:14:22-63
uses-permission#android.permission.MOUNT_UNMOUNT_FILESYSTEMS
ADDED from src/main/AndroidManifest.xml:15:5-84
	android:name
		ADDED from src/main/AndroidManifest.xml:15:22-81
uses-permission#android.permission.ACCESS_NETWORK_STATE
ADDED from src/main/AndroidManifest.xml:16:5-79
	android:name
		ADDED from src/main/AndroidManifest.xml:16:22-76
uses-permission#android.permission.SYSTEM_ALERT_WINDOW
ADDED from src/main/AndroidManifest.xml:17:5-78
	android:name
		ADDED from src/main/AndroidManifest.xml:17:22-75
uses-permission#android.permission.WRITE_SETTINGS
ADDED from src/main/AndroidManifest.xml:18:5-73
	android:name
		ADDED from src/main/AndroidManifest.xml:18:22-70
uses-permission#android.permission.INTERNET
ADDED from src/main/AndroidManifest.xml:19:5-67
	android:name
		ADDED from src/main/AndroidManifest.xml:19:22-64
uses-permission#android.permission.ACCESS_WIFI_STATE
ADDED from src/main/AndroidManifest.xml:20:5-76
	android:name
		ADDED from src/main/AndroidManifest.xml:20:22-73
uses-permission#android.permission.CHANGE_WIFI_STATE
ADDED from src/main/AndroidManifest.xml:22:5-76
	android:name
		ADDED from src/main/AndroidManifest.xml:22:22-73
uses-permission#android.permission.READ_PHONE_STATE
ADDED from src/main/AndroidManifest.xml:23:5-75
	android:name
		ADDED from src/main/AndroidManifest.xml:23:22-72
uses-feature#android.hardware.camera
ADDED from src/main/AndroidManifest.xml:25:5-60
	android:name
		ADDED from src/main/AndroidManifest.xml:25:19-57
uses-feature#android.hardware.camera.autofocus
ADDED from src/main/AndroidManifest.xml:26:5-70
	android:name
		ADDED from src/main/AndroidManifest.xml:26:19-67
uses-permission#android.permission.CAMERA
ADDED from src/main/AndroidManifest.xml:27:5-65
	android:name
		ADDED from src/main/AndroidManifest.xml:27:22-62
uses-permission#android.permission.RECORD_AUDIO
ADDED from src/main/AndroidManifest.xml:28:5-71
	android:name
		ADDED from src/main/AndroidManifest.xml:28:22-68
uses-permission#com.android.launcher.permission.READ_SETTINGS
ADDED from src/main/AndroidManifest.xml:29:5-85
	android:name
		ADDED from src/main/AndroidManifest.xml:29:22-82
uses-permission#android.permission.BROADCAST_STICKY
ADDED from src/main/AndroidManifest.xml:30:2-72
	android:name
		ADDED from src/main/AndroidManifest.xml:30:19-69
uses-permission#android.permission.USE_CREDENTIALS
ADDED from src/main/AndroidManifest.xml:32:2-71
	android:name
		ADDED from src/main/AndroidManifest.xml:32:19-68
uses-permission#android.permission.MANAGE_ACCOUNTS
ADDED from src/main/AndroidManifest.xml:33:2-71
	android:name
		ADDED from src/main/AndroidManifest.xml:33:19-68
uses-permission#android.permission.AUTHENTICATE_ACCOUNTS
ADDED from src/main/AndroidManifest.xml:34:2-77
	android:name
		ADDED from src/main/AndroidManifest.xml:34:19-74
uses-permission#android.permission.GET_ACCOUNTS
ADDED from src/main/AndroidManifest.xml:35:2-68
	android:name
		ADDED from src/main/AndroidManifest.xml:35:19-65
uses-permission#android.permission.ACCESS_COARSE_LOCATION
ADDED from src/main/AndroidManifest.xml:37:1-93
	android:name
		ADDED from src/main/AndroidManifest.xml:37:18-74
uses-permission#android.permission.ACCESS_FINE_LOCATION
ADDED from src/main/AndroidManifest.xml:39:1-91
	android:name
		ADDED from src/main/AndroidManifest.xml:39:18-72
uses-permission#android.permission.READ_LOGS
ADDED from src/main/AndroidManifest.xml:55:1-80
	android:name
		ADDED from src/main/AndroidManifest.xml:55:18-61
application
ADDED from src/main/AndroidManifest.xml:58:5-148:19
	android:label
		ADDED from src/main/AndroidManifest.xml:62:9-41
	android:allowBackup
		ADDED from src/main/AndroidManifest.xml:60:9-35
	android:icon
		ADDED from src/main/AndroidManifest.xml:61:9-45
	android:theme
		ADDED from src/main/AndroidManifest.xml:63:9-40
	android:name
		ADDED from src/main/AndroidManifest.xml:59:9-60
service#com.baidu.location.f
ADDED from src/main/AndroidManifest.xml:65:9-113
	android:enabled
		ADDED from src/main/AndroidManifest.xml:65:54-76
	android:process
		ADDED from src/main/AndroidManifest.xml:65:77-102
	android:name
		ADDED from src/main/AndroidManifest.xml:65:18-53
meta-data#com.baidu.lbsapi.API_KEY
ADDED from src/main/AndroidManifest.xml:66:5-68:52
	android:value
		ADDED from src/main/AndroidManifest.xml:68:9-49
	android:name
		ADDED from src/main/AndroidManifest.xml:67:9-48
activity#com.d3.d3xmpp.activites.LoginActivity
ADDED from src/main/AndroidManifest.xml:69:9-77:20
	android:label
		ADDED from src/main/AndroidManifest.xml:71:13-45
	android:name
		ADDED from src/main/AndroidManifest.xml:70:13-65
intent-filter#android.intent.action.MAIN+android.intent.category.LAUNCHER
ADDED from src/main/AndroidManifest.xml:72:13-76:29
action#android.intent.action.MAIN
ADDED from src/main/AndroidManifest.xml:73:17-69
	android:name
		ADDED from src/main/AndroidManifest.xml:73:25-66
category#android.intent.category.LAUNCHER
ADDED from src/main/AndroidManifest.xml:75:17-77
	android:name
		ADDED from src/main/AndroidManifest.xml:75:27-74
activity#com.d3.d3xmpp.activites.RegActivity
ADDED from src/main/AndroidManifest.xml:78:10-81:20
	android:screenOrientation
		ADDED from src/main/AndroidManifest.xml:80:13-49
	android:name
		ADDED from src/main/AndroidManifest.xml:79:13-63
activity#com.d3.d3xmpp.activites.MainActivity
ADDED from src/main/AndroidManifest.xml:82:10-85:20
	android:screenOrientation
		ADDED from src/main/AndroidManifest.xml:84:13-49
	android:name
		ADDED from src/main/AndroidManifest.xml:83:13-64
activity#com.d3.d3xmpp.activites.ChatActivity
ADDED from src/main/AndroidManifest.xml:86:10-89:20
	android:screenOrientation
		ADDED from src/main/AndroidManifest.xml:88:13-49
	android:name
		ADDED from src/main/AndroidManifest.xml:87:13-64
activity#com.d3.d3xmpp.activites.ChangePwdActivity
ADDED from src/main/AndroidManifest.xml:90:10-93:20
	android:screenOrientation
		ADDED from src/main/AndroidManifest.xml:92:13-49
	android:name
		ADDED from src/main/AndroidManifest.xml:91:13-69
activity#com.d3.d3xmpp.activites.PicSrcPickerActivity
ADDED from src/main/AndroidManifest.xml:94:10-99:20
	android:screenOrientation
		ADDED from src/main/AndroidManifest.xml:97:13-49
	android:configChanges
		ADDED from src/main/AndroidManifest.xml:96:13-74
	android:theme
		ADDED from src/main/AndroidManifest.xml:98:13-56
	android:name
		ADDED from src/main/AndroidManifest.xml:95:13-72
activity#com.d3.d3xmpp.activites.CropImageActivity
ADDED from src/main/AndroidManifest.xml:100:10-103:20
	android:screenOrientation
		ADDED from src/main/AndroidManifest.xml:102:13-49
	android:name
		ADDED from src/main/AndroidManifest.xml:101:13-69
activity#com.d3.d3xmpp.activites.SearchActivity
ADDED from src/main/AndroidManifest.xml:104:10-107:20
	android:screenOrientation
		ADDED from src/main/AndroidManifest.xml:106:13-49
	android:name
		ADDED from src/main/AndroidManifest.xml:105:13-66
activity#com.d3.d3xmpp.activites.FriendActivity
ADDED from src/main/AndroidManifest.xml:108:10-111:20
	android:screenOrientation
		ADDED from src/main/AndroidManifest.xml:110:13-49
	android:name
		ADDED from src/main/AndroidManifest.xml:109:13-66
activity#com.d3.d3xmpp.activites.NewFriendActivity
ADDED from src/main/AndroidManifest.xml:112:10-115:20
	android:screenOrientation
		ADDED from src/main/AndroidManifest.xml:114:13-49
	android:name
		ADDED from src/main/AndroidManifest.xml:113:13-69
activity#com.d3.d3xmpp.activites.LeaveActivity
ADDED from src/main/AndroidManifest.xml:116:10-119:20
	android:screenOrientation
		ADDED from src/main/AndroidManifest.xml:118:13-49
	android:name
		ADDED from src/main/AndroidManifest.xml:117:13-65
activity#com.d3.d3xmpp.activites.ChoseActivity
ADDED from src/main/AndroidManifest.xml:120:10-123:20
	android:screenOrientation
		ADDED from src/main/AndroidManifest.xml:122:13-49
	android:name
		ADDED from src/main/AndroidManifest.xml:121:13-65
activity#com.d3.d3xmpp.activites.MyRoomActivity
ADDED from src/main/AndroidManifest.xml:124:10-127:20
	android:screenOrientation
		ADDED from src/main/AndroidManifest.xml:126:13-49
	android:name
		ADDED from src/main/AndroidManifest.xml:125:13-66
activity#com.d3.d3xmpp.activites.RoomMemActivity
ADDED from src/main/AndroidManifest.xml:128:10-131:20
	android:screenOrientation
		ADDED from src/main/AndroidManifest.xml:130:13-49
	android:name
		ADDED from src/main/AndroidManifest.xml:129:13-67
activity#com.d3.d3xmpp.activites.ChoseSPActivity
ADDED from src/main/AndroidManifest.xml:132:10-135:20
	android:screenOrientation
		ADDED from src/main/AndroidManifest.xml:134:13-49
	android:name
		ADDED from src/main/AndroidManifest.xml:133:13-67
activity#com.d3.d3xmpp.activites.WebActivity
ADDED from src/main/AndroidManifest.xml:136:10-139:20
	android:screenOrientation
		ADDED from src/main/AndroidManifest.xml:138:13-49
	android:name
		ADDED from src/main/AndroidManifest.xml:137:13-63
activity#com.d3.d3xmpp.activites.ShowPicActivitiy
ADDED from src/main/AndroidManifest.xml:140:10-143:20
	android:screenOrientation
		ADDED from src/main/AndroidManifest.xml:142:13-49
	android:name
		ADDED from src/main/AndroidManifest.xml:141:13-68
activity#com.d3.d3xmpp.activites.MapActivity
ADDED from src/main/AndroidManifest.xml:144:10-147:20
	android:screenOrientation
		ADDED from src/main/AndroidManifest.xml:146:13-49
	android:name
		ADDED from src/main/AndroidManifest.xml:145:13-63